{"/Users/sukhacoder02/training/evaluation2/src/controllers/companyController.js": {"path":"/Users/sukhacoder02/training/evaluation2/src/controllers/companyController.js","statementMap":{"0":{"start":{"line":3,"column":24},"end":{"line":3,"column":65}},"1":{"start":{"line":5,"column":18},"end":{"line":5,"column":47}},"2":{"start":{"line":7,"column":20},"end":{"line":11,"column":1}},"3":{"start":{"line":8,"column":25},"end":{"line":8,"column":68}},"4":{"start":{"line":9,"column":2},"end":{"line":9,"column":18}},"5":{"start":{"line":10,"column":2},"end":{"line":10,"column":27}},"6":{"start":{"line":13,"column":29},"end":{"line":28,"column":1}},"7":{"start":{"line":14,"column":21},"end":{"line":14,"column":30}},"8":{"start":{"line":15,"column":2},"end":{"line":15,"column":25}},"9":{"start":{"line":16,"column":2},"end":{"line":27,"column":3}},"10":{"start":{"line":17,"column":22},"end":{"line":17,"column":72}},"11":{"start":{"line":18,"column":4},"end":{"line":20,"column":5}},"12":{"start":{"line":18,"column":17},"end":{"line":18,"column":18}},"13":{"start":{"line":19,"column":6},"end":{"line":19,"column":43}},"14":{"start":{"line":21,"column":4},"end":{"line":21,"column":20}},"15":{"start":{"line":22,"column":4},"end":{"line":22,"column":24}},"16":{"start":{"line":25,"column":4},"end":{"line":25,"column":27}},"17":{"start":{"line":26,"column":4},"end":{"line":26,"column":41}},"18":{"start":{"line":30,"column":22},"end":{"line":40,"column":1}},"19":{"start":{"line":31,"column":17},"end":{"line":31,"column":27}},"20":{"start":{"line":32,"column":2},"end":{"line":39,"column":3}},"21":{"start":{"line":33,"column":27},"end":{"line":33,"column":76}},"22":{"start":{"line":34,"column":4},"end":{"line":34,"column":20}},"23":{"start":{"line":35,"column":4},"end":{"line":35,"column":29}},"24":{"start":{"line":37,"column":4},"end":{"line":37,"column":27}},"25":{"start":{"line":38,"column":4},"end":{"line":38,"column":41}},"26":{"start":{"line":41,"column":24},"end":{"line":45,"column":1}},"27":{"start":{"line":42,"column":20},"end":{"line":42,"column":59}},"28":{"start":{"line":43,"column":2},"end":{"line":43,"column":18}},"29":{"start":{"line":44,"column":2},"end":{"line":44,"column":22}},"30":{"start":{"line":46,"column":0},"end":{"line":51,"column":2}}},"fnMap":{"0":{"name":"(anonymous_0)","decl":{"start":{"line":7,"column":20},"end":{"line":7,"column":21}},"loc":{"start":{"line":7,"column":40},"end":{"line":11,"column":1}},"line":7},"1":{"name":"(anonymous_1)","decl":{"start":{"line":13,"column":29},"end":{"line":13,"column":30}},"loc":{"start":{"line":13,"column":49},"end":{"line":28,"column":1}},"line":13},"2":{"name":"(anonymous_2)","decl":{"start":{"line":30,"column":22},"end":{"line":30,"column":23}},"loc":{"start":{"line":30,"column":42},"end":{"line":40,"column":1}},"line":30},"3":{"name":"(anonymous_3)","decl":{"start":{"line":41,"column":24},"end":{"line":41,"column":25}},"loc":{"start":{"line":41,"column":44},"end":{"line":45,"column":1}},"line":41}},"branchMap":{},"s":{"0":1,"1":1,"2":1,"3":1,"4":1,"5":1,"6":1,"7":1,"8":1,"9":1,"10":1,"11":1,"12":1,"13":1,"14":1,"15":1,"16":0,"17":0,"18":1,"19":2,"20":2,"21":2,"22":1,"23":1,"24":1,"25":1,"26":1,"27":0,"28":0,"29":0,"30":1},"f":{"0":1,"1":1,"2":2,"3":0},"b":{},"_coverageSchema":"1a1c01bbd47fc00a2c39e90264f33305004495a9","hash":"fb6de999d3ee098c23b6730e7d552daf938c40f6"}
,"/Users/sukhacoder02/training/evaluation2/src/services/companyServices.js": {"path":"/Users/sukhacoder02/training/evaluation2/src/services/companyServices.js","statementMap":{"0":{"start":{"line":2,"column":14},"end":{"line":2,"column":30}},"1":{"start":{"line":5,"column":22},"end":{"line":5,"column":51}},"2":{"start":{"line":7,"column":21},"end":{"line":7,"column":61}},"3":{"start":{"line":8,"column":18},"end":{"line":8,"column":47}},"4":{"start":{"line":9,"column":24},"end":{"line":57,"column":1}},"5":{"start":{"line":11,"column":20},"end":{"line":11,"column":32}},"6":{"start":{"line":12,"column":27},"end":{"line":12,"column":72}},"7":{"start":{"line":13,"column":4},"end":{"line":13,"column":47}},"8":{"start":{"line":14,"column":29},"end":{"line":17,"column":5}},"9":{"start":{"line":18,"column":4},"end":{"line":18,"column":28}},"10":{"start":{"line":21,"column":30},"end":{"line":27,"column":6}},"11":{"start":{"line":28,"column":4},"end":{"line":30,"column":5}},"12":{"start":{"line":29,"column":6},"end":{"line":29,"column":51}},"13":{"start":{"line":31,"column":4},"end":{"line":31,"column":29}},"14":{"start":{"line":34,"column":4},"end":{"line":39,"column":7}},"15":{"start":{"line":40,"column":27},"end":{"line":45,"column":6}},"16":{"start":{"line":46,"column":4},"end":{"line":48,"column":5}},"17":{"start":{"line":47,"column":6},"end":{"line":47,"column":52}},"18":{"start":{"line":49,"column":4},"end":{"line":49,"column":26}},"19":{"start":{"line":52,"column":25},"end":{"line":54,"column":6}},"20":{"start":{"line":55,"column":4},"end":{"line":55,"column":24}},"21":{"start":{"line":58,"column":0},"end":{"line":58,"column":33}}},"fnMap":{"0":{"name":"(anonymous_0)","decl":{"start":{"line":10,"column":17},"end":{"line":10,"column":18}},"loc":{"start":{"line":10,"column":33},"end":{"line":19,"column":3}},"line":10},"1":{"name":"(anonymous_1)","decl":{"start":{"line":20,"column":26},"end":{"line":20,"column":27}},"loc":{"start":{"line":20,"column":44},"end":{"line":32,"column":3}},"line":20},"2":{"name":"(anonymous_2)","decl":{"start":{"line":33,"column":19},"end":{"line":33,"column":20}},"loc":{"start":{"line":33,"column":39},"end":{"line":50,"column":3}},"line":33},"3":{"name":"(anonymous_3)","decl":{"start":{"line":51,"column":21},"end":{"line":51,"column":22}},"loc":{"start":{"line":51,"column":33},"end":{"line":56,"column":3}},"line":51}},"branchMap":{"0":{"loc":{"start":{"line":28,"column":4},"end":{"line":30,"column":5}},"type":"if","locations":[{"start":{"line":28,"column":4},"end":{"line":30,"column":5}},{"start":{},"end":{}}],"line":28},"1":{"loc":{"start":{"line":46,"column":4},"end":{"line":48,"column":5}},"type":"if","locations":[{"start":{"line":46,"column":4},"end":{"line":48,"column":5}},{"start":{},"end":{}}],"line":46}},"s":{"0":2,"1":2,"2":2,"3":2,"4":2,"5":1,"6":1,"7":1,"8":1,"9":1,"10":2,"11":2,"12":1,"13":1,"14":1,"15":1,"16":1,"17":0,"18":1,"19":1,"20":1,"21":2},"f":{"0":1,"1":2,"2":1,"3":1},"b":{"0":[1,1],"1":[0,1]},"_coverageSchema":"1a1c01bbd47fc00a2c39e90264f33305004495a9","hash":"5bf02b88aa91598b412718a6ce6f1cb82a257120"}
,"/Users/sukhacoder02/training/evaluation2/src/utils/HTTPError.js": {"path":"/Users/sukhacoder02/training/evaluation2/src/utils/HTTPError.js","statementMap":{"0":{"start":{"line":4,"column":4},"end":{"line":4,"column":19}},"1":{"start":{"line":5,"column":4},"end":{"line":5,"column":26}},"2":{"start":{"line":8,"column":0},"end":{"line":8,"column":27}}},"fnMap":{"0":{"name":"(anonymous_0)","decl":{"start":{"line":3,"column":2},"end":{"line":3,"column":3}},"loc":{"start":{"line":3,"column":34},"end":{"line":6,"column":3}},"line":3}},"branchMap":{},"s":{"0":2,"1":2,"2":2},"f":{"0":2},"b":{},"_coverageSchema":"1a1c01bbd47fc00a2c39e90264f33305004495a9","hash":"7a3a8f82eba259adf68723ba964a8836ea87a032"}
,"/Users/sukhacoder02/training/evaluation2/src/utils/getCompanyDetails.js": {"path":"/Users/sukhacoder02/training/evaluation2/src/utils/getCompanyDetails.js","statementMap":{"0":{"start":{"line":2,"column":14},"end":{"line":2,"column":30}},"1":{"start":{"line":4,"column":20},"end":{"line":4,"column":22}},"2":{"start":{"line":6,"column":23},"end":{"line":6,"column":25}},"3":{"start":{"line":7,"column":17},"end":{"line":7,"column":19}},"4":{"start":{"line":9,"column":26},"end":{"line":25,"column":1}},"5":{"start":{"line":11,"column":2},"end":{"line":23,"column":3}},"6":{"start":{"line":11,"column":15},"end":{"line":11,"column":16}},"7":{"start":{"line":12,"column":13},"end":{"line":12,"column":41}},"8":{"start":{"line":13,"column":4},"end":{"line":22,"column":9}},"9":{"start":{"line":17,"column":19},"end":{"line":17,"column":32}},"10":{"start":{"line":18,"column":8},"end":{"line":18,"column":51}},"11":{"start":{"line":19,"column":8},"end":{"line":19,"column":83}},"12":{"start":{"line":20,"column":8},"end":{"line":20,"column":41}},"13":{"start":{"line":21,"column":8},"end":{"line":21,"column":43}},"14":{"start":{"line":24,"column":2},"end":{"line":24,"column":28}},"15":{"start":{"line":26,"column":25},"end":{"line":50,"column":1}},"16":{"start":{"line":27,"column":2},"end":{"line":45,"column":3}},"17":{"start":{"line":27,"column":15},"end":{"line":27,"column":16}},"18":{"start":{"line":28,"column":19},"end":{"line":28,"column":35}},"19":{"start":{"line":29,"column":4},"end":{"line":44,"column":9}},"20":{"start":{"line":32,"column":21},"end":{"line":32,"column":34}},"21":{"start":{"line":33,"column":8},"end":{"line":43,"column":11}},"22":{"start":{"line":36,"column":28},"end":{"line":36,"column":30}},"23":{"start":{"line":37,"column":10},"end":{"line":39,"column":13}},"24":{"start":{"line":38,"column":12},"end":{"line":38,"column":57}},"25":{"start":{"line":40,"column":22},"end":{"line":40,"column":121}},"26":{"start":{"line":41,"column":10},"end":{"line":41,"column":48}},"27":{"start":{"line":42,"column":10},"end":{"line":42,"column":33}},"28":{"start":{"line":46,"column":2},"end":{"line":48,"column":3}},"29":{"start":{"line":46,"column":15},"end":{"line":46,"column":16}},"30":{"start":{"line":47,"column":4},"end":{"line":47,"column":44}},"31":{"start":{"line":49,"column":2},"end":{"line":49,"column":24}},"32":{"start":{"line":53,"column":26},"end":{"line":77,"column":1}},"33":{"start":{"line":54,"column":18},"end":{"line":54,"column":20}},"34":{"start":{"line":55,"column":2},"end":{"line":76,"column":7}},"35":{"start":{"line":58,"column":17},"end":{"line":58,"column":30}},"36":{"start":{"line":59,"column":22},"end":{"line":59,"column":38}},"37":{"start":{"line":61,"column":6},"end":{"line":70,"column":9}},"38":{"start":{"line":62,"column":24},"end":{"line":62,"column":39}},"39":{"start":{"line":63,"column":22},"end":{"line":66,"column":9}},"40":{"start":{"line":67,"column":8},"end":{"line":67,"column":35}},"41":{"start":{"line":69,"column":8},"end":{"line":69,"column":37}},"42":{"start":{"line":71,"column":6},"end":{"line":71,"column":34}},"43":{"start":{"line":72,"column":6},"end":{"line":72,"column":27}},"44":{"start":{"line":73,"column":6},"end":{"line":73,"column":44}},"45":{"start":{"line":75,"column":6},"end":{"line":75,"column":33}},"46":{"start":{"line":81,"column":0},"end":{"line":81,"column":39}}},"fnMap":{"0":{"name":"(anonymous_0)","decl":{"start":{"line":9,"column":26},"end":{"line":9,"column":27}},"loc":{"start":{"line":9,"column":38},"end":{"line":25,"column":1}},"line":9},"1":{"name":"(anonymous_1)","decl":{"start":{"line":15,"column":12},"end":{"line":15,"column":13}},"loc":{"start":{"line":15,"column":26},"end":{"line":22,"column":7}},"line":15},"2":{"name":"(anonymous_2)","decl":{"start":{"line":26,"column":25},"end":{"line":26,"column":26}},"loc":{"start":{"line":26,"column":37},"end":{"line":50,"column":1}},"line":26},"3":{"name":"(anonymous_3)","decl":{"start":{"line":31,"column":12},"end":{"line":31,"column":13}},"loc":{"start":{"line":31,"column":26},"end":{"line":44,"column":7}},"line":31},"4":{"name":"(anonymous_4)","decl":{"start":{"line":33,"column":21},"end":{"line":33,"column":22}},"loc":{"start":{"line":33,"column":34},"end":{"line":43,"column":9}},"line":33},"5":{"name":"(anonymous_5)","decl":{"start":{"line":37,"column":43},"end":{"line":37,"column":44}},"loc":{"start":{"line":37,"column":58},"end":{"line":39,"column":11}},"line":37},"6":{"name":"(anonymous_6)","decl":{"start":{"line":53,"column":26},"end":{"line":53,"column":27}},"loc":{"start":{"line":53,"column":45},"end":{"line":77,"column":1}},"line":53},"7":{"name":"(anonymous_7)","decl":{"start":{"line":57,"column":10},"end":{"line":57,"column":11}},"loc":{"start":{"line":57,"column":24},"end":{"line":76,"column":5}},"line":57},"8":{"name":"(anonymous_8)","decl":{"start":{"line":61,"column":20},"end":{"line":61,"column":21}},"loc":{"start":{"line":61,"column":30},"end":{"line":70,"column":7}},"line":61}},"branchMap":{},"s":{"0":2,"1":2,"2":2,"3":2,"4":2,"5":0,"6":0,"7":0,"8":0,"9":0,"10":0,"11":0,"12":0,"13":0,"14":0,"15":2,"16":0,"17":0,"18":0,"19":0,"20":0,"21":0,"22":0,"23":0,"24":0,"25":0,"26":0,"27":0,"28":0,"29":0,"30":0,"31":0,"32":2,"33":0,"34":0,"35":0,"36":0,"37":0,"38":0,"39":0,"40":0,"41":0,"42":0,"43":0,"44":0,"45":0,"46":2},"f":{"0":0,"1":0,"2":0,"3":0,"4":0,"5":0,"6":0,"7":0,"8":0},"b":{},"_coverageSchema":"1a1c01bbd47fc00a2c39e90264f33305004495a9","hash":"2c0fdeeefdea68c31a0448b6c8ae4330f3c073fe"}
}
